[2025-09-18 08:50:32] NOUVEAU MESSAGE DE CONTACT
Destination: salimoudiaby95@gmail.com
Nom: test
Email: test@gmail.com
Message: dzds
--------------------------------------------------

[2025-09-18 08:50:39] NOUVEAU MESSAGE DE CONTACT
Destination: salimoudiaby95@gmail.com
Nom: test
Email: test@gmail.com
Message: dzds
--------------------------------------------------

[2025-09-18 08:52:54] NOUVEAU MESSAGE DE CONTACT
Destination: salimoudiaby95@gmail.com
Nom: dzd
Email: salimoudiaby95@gmail.com
Message: dffe
--------------------------------------------------

[2025-09-18 10:07:16] NOUVEAU MESSAGE DE CONTACT
Destination: salimoudiaby95@gmail.com
Nom: Salimou Diaby
Email: salimoudiaby95@gmail.com
Message: sdee
--------------------------------------------------

[2025-09-18 10:09:20] NOUVEAU MESSAGE DE CONTACT
Destination: salimoudiaby95@gmail.com
Nom: Salimou Diaby
Email: salimoudiaby95@gmail.com
Message: sdee
--------------------------------------------------

[2025-09-18 10:11:54] NOUVEAU MESSAGE DE CONTACT
Destination: salimoudiaby95@gmail.com
Nom: test
Email: scsdvc@gmail.com
Message: cnsjnjk
--------------------------------------------------

[2025-09-18 10:17:34] NOUVEAU MESSAGE DE CONTACT
Destination: salimoudiaby95@gmail.com
Nom: fvf
Email: fdd@gmail.com
Message: sfjsdjkw
--------------------------------------------------

